<?xml version="1.0" encoding="UTF-8"?>
<!-- Generated by org.testng.reporters.JUnitReportReporter -->
<testsuite hostname="WINDOWS-P98J5OV" failures="0" tests="2" name="com.kinetik.Assesment_Automation_Testing.Test.Home_Page" time="55.540" errors="0" timestamp="2023-10-26T19:18:27 BDT" skipped="0">
  <testcase classname="com.kinetik.Assesment_Automation_Testing.Test.Home_Page" name="ProductCart" time="16.836"/>
  <system-out/>
  <testcase classname="com.kinetik.Assesment_Automation_Testing.Test.Home_Page" name="HomePageTitleVerify" time="38.704"/>
  <system-out/>
</testsuite> <!-- com.kinetik.Assesment_Automation_Testing.Test.Home_Page -->
